[0.000000] (-) TimerEvent: {}
[0.000783] (-) JobUnselected: {'identifier': 'actions_cpp'}
[0.000823] (-) JobUnselected: {'identifier': 'actions_py'}
[0.000837] (-) JobUnselected: {'identifier': 'components_cpp'}
[0.000847] (-) JobUnselected: {'identifier': 'executors_cpp'}
[0.000857] (-) JobUnselected: {'identifier': 'executors_py'}
[0.000867] (-) JobUnselected: {'identifier': 'lifecycle_cpp'}
[0.000877] (-) JobUnselected: {'identifier': 'lifecycle_py'}
[0.000886] (-) JobUnselected: {'identifier': 'my_robot_bringup'}
[0.000895] (-) JobUnselected: {'identifier': 'my_robot_interfaces'}
[0.000908] (final_project) JobQueued: {'identifier': 'final_project', 'dependencies': OrderedDict([('my_robot_interfaces', '/home/nextup/ros2_ws2/src/install/my_robot_interfaces')])}
[0.000926] (final_project) JobStarted: {'identifier': 'final_project'}
[0.012689] (final_project) JobProgress: {'identifier': 'final_project', 'progress': 'cmake'}
[0.012912] (final_project) Command: {'cmd': ['/usr/bin/cmake', '/home/nextup/ros2_ws2/src/final_project', '-DCMAKE_INSTALL_PREFIX=/home/nextup/ros2_ws2/src/install/final_project'], 'cwd': '/home/nextup/ros2_ws2/src/build/final_project', 'env': OrderedDict([('GJS_DEBUG_TOPICS', 'JS ERROR;JS LOG'), ('LESSOPEN', '| /usr/bin/lesspipe %s'), ('USER', 'nextup'), ('XDG_SESSION_TYPE', 'wayland'), ('SHLVL', '1'), ('LD_LIBRARY_PATH', '/home/nextup/ros2_ws2/src/install/my_robot_interfaces/lib:/home/nextup/ros2_ws2/install/final_project/lib:/home/nextup/ros2_ws2/install/my_robot_interfaces/lib:/home/nextup/ros2_ws2/install/components_cpp/lib:/usr/lib/x86_64-linux-gnu/gazebo-11/plugins:/opt/ros/humble/opt/rviz_ogre_vendor/lib:/opt/ros/humble/lib/x86_64-linux-gnu:/opt/ros/humble/lib'), ('HOME', '/home/nextup'), ('OLDPWD', '/home/nextup/ros2_ws2'), ('DESKTOP_SESSION', 'ubuntu'), ('GIO_LAUNCHED_DESKTOP_FILE', '/usr/share/applications/terminator.desktop'), ('ROS_PYTHON_VERSION', '3'), ('GNOME_SHELL_SESSION_MODE', 'ubuntu'), ('GTK_MODULES', 'gail:atk-bridge'), ('MANAGERPID', '1569'), ('SYSTEMD_EXEC_PID', '1743'), ('DBUS_SESSION_BUS_ADDRESS', 'unix:path=/run/user/1000/bus'), ('COLORTERM', 'truecolor'), ('TERMINATOR_DBUS_NAME', 'net.tenshu.Terminator25ef4b219e3b005583550f2b0f9f990c3'), ('GIO_LAUNCHED_DESKTOP_FILE_PID', '11957'), ('IM_CONFIG_PHASE', '1'), ('WAYLAND_DISPLAY', 'wayland-0'), ('COLCON_PREFIX_PATH', '/home/nextup/ros2_ws2/install:/home/nextup/ros2_ws2/src/install:/home/nextup/install:/home/nextup/ros2_ws/install:/home/nextup/ros2_ws1/install'), ('ROS_DISTRO', 'humble'), ('LOGNAME', 'nextup'), ('JOURNAL_STREAM', '8:38159'), ('_', '/usr/bin/colcon'), ('ROS_VERSION', '2'), ('XDG_SESSION_CLASS', 'user'), ('USERNAME', 'nextup'), ('TERM', 'xterm-256color'), ('GNOME_DESKTOP_SESSION_ID', 'this-is-deprecated'), ('ROS_LOCALHOST_ONLY', '0'), ('PATH', '/opt/ros/humble/bin:/home/nextup/.local/bin:/usr/local/sbin:/usr/local/bin:/usr/sbin:/usr/bin:/sbin:/bin:/usr/games:/usr/local/games:/snap/bin:/snap/bin'), ('SESSION_MANAGER', 'local/nextup:@/tmp/.ICE-unix/1722,unix/nextup:/tmp/.ICE-unix/1722'), ('INVOCATION_ID', '592757fdc8c6475d86e7af20b616531e'), ('XDG_MENU_PREFIX', 'gnome-'), ('GNOME_SETUP_DISPLAY', ':1'), ('XDG_RUNTIME_DIR', '/run/user/1000'), ('DISPLAY', ':0'), ('TERMINATOR_DBUS_PATH', '/net/tenshu/Terminator2'), ('LANG', 'en_US.UTF-8'), ('XDG_CURRENT_DESKTOP', 'ubuntu:GNOME'), ('IBUS_DISABLE_SNOOPER', '1'), ('XMODIFIERS', '@im=ibus'), ('XDG_SESSION_DESKTOP', 'ubuntu'), ('XAUTHORITY', '/run/user/1000/.mutter-Xwaylandauth.71ZKQ2'), ('LS_COLORS', 'rs=0:di=01;34:ln=01;36:mh=00:pi=40;33:so=01;35:do=01;35:bd=40;33;01:cd=40;33;01:or=40;31;01:mi=00:su=37;41:sg=30;43:ca=30;41:tw=30;42:ow=34;42:st=37;44:ex=01;32:*.tar=01;31:*.tgz=01;31:*.arc=01;31:*.arj=01;31:*.taz=01;31:*.lha=01;31:*.lz4=01;31:*.lzh=01;31:*.lzma=01;31:*.tlz=01;31:*.txz=01;31:*.tzo=01;31:*.t7z=01;31:*.zip=01;31:*.z=01;31:*.dz=01;31:*.gz=01;31:*.lrz=01;31:*.lz=01;31:*.lzo=01;31:*.xz=01;31:*.zst=01;31:*.tzst=01;31:*.bz2=01;31:*.bz=01;31:*.tbz=01;31:*.tbz2=01;31:*.tz=01;31:*.deb=01;31:*.rpm=01;31:*.jar=01;31:*.war=01;31:*.ear=01;31:*.sar=01;31:*.rar=01;31:*.alz=01;31:*.ace=01;31:*.zoo=01;31:*.cpio=01;31:*.7z=01;31:*.rz=01;31:*.cab=01;31:*.wim=01;31:*.swm=01;31:*.dwm=01;31:*.esd=01;31:*.jpg=01;35:*.jpeg=01;35:*.mjpg=01;35:*.mjpeg=01;35:*.gif=01;35:*.bmp=01;35:*.pbm=01;35:*.pgm=01;35:*.ppm=01;35:*.tga=01;35:*.xbm=01;35:*.xpm=01;35:*.tif=01;35:*.tiff=01;35:*.png=01;35:*.svg=01;35:*.svgz=01;35:*.mng=01;35:*.pcx=01;35:*.mov=01;35:*.mpg=01;35:*.mpeg=01;35:*.m2v=01;35:*.mkv=01;35:*.webm=01;35:*.webp=01;35:*.ogm=01;35:*.mp4=01;35:*.m4v=01;35:*.mp4v=01;35:*.vob=01;35:*.qt=01;35:*.nuv=01;35:*.wmv=01;35:*.asf=01;35:*.rm=01;35:*.rmvb=01;35:*.flc=01;35:*.avi=01;35:*.fli=01;35:*.flv=01;35:*.gl=01;35:*.dl=01;35:*.xcf=01;35:*.xwd=01;35:*.yuv=01;35:*.cgm=01;35:*.emf=01;35:*.ogv=01;35:*.ogx=01;35:*.aac=00;36:*.au=00;36:*.flac=00;36:*.m4a=00;36:*.mid=00;36:*.midi=00;36:*.mka=00;36:*.mp3=00;36:*.mpc=00;36:*.ogg=00;36:*.ra=00;36:*.wav=00;36:*.oga=00;36:*.opus=00;36:*.spx=00;36:*.xspf=00;36:'), ('SSH_AGENT_LAUNCHER', 'gnome-keyring'), ('SSH_AUTH_SOCK', '/run/user/1000/keyring/ssh'), ('ROS_DOMAIN_ID', '1'), ('AMENT_PREFIX_PATH', '/home/nextup/ros2_ws2/install/final_project:/home/nextup/ros2_ws2/install/actions_py:/home/nextup/ros2_ws2/install/actions_cpp:/home/nextup/ros2_ws2/install/my_robot_interfaces:/home/nextup/ros2_ws2/install/my_robot_bringup:/home/nextup/ros2_ws2/install/lifecycle_py:/home/nextup/ros2_ws2/install/lifecycle_cpp:/home/nextup/ros2_ws2/install/executors_py:/home/nextup/ros2_ws2/install/executors_cpp:/home/nextup/ros2_ws2/install/components_cpp:/home/nextup/ros2_ws2/src/install/actions_py:/home/nextup/ros2_ws2/src/install/actions_cpp:/home/nextup/ros2_ws2/src/install/my_robot_interfaces:/home/nextup/ros2_ws2/src/install/my_robot_bringup:/home/nextup/ros2_ws2/src/install/lifecycle_py:/home/nextup/ros2_ws2/src/install/lifecycle_cpp:/home/nextup/ros2_ws1/install/my_robot_bringup:/home/nextup/ros2_ws1/install/my_robot_description:/opt/ros/humble'), ('SHELL', '/bin/bash'), ('TERMINATOR_UUID', 'urn:uuid:0ef65012-19d1-4554-85a0-341505dd284b'), ('QT_ACCESSIBILITY', '1'), ('GDMSESSION', 'ubuntu'), ('LESSCLOSE', '/usr/bin/lesspipe %s %s'), ('GJS_DEBUG_OUTPUT', 'stderr'), ('QT_IM_MODULE', 'ibus'), ('PWD', '/home/nextup/ros2_ws2/src/build/final_project'), ('LC_ALL', 'en_US.UTF-8'), ('XDG_CONFIG_DIRS', '/etc/xdg/xdg-ubuntu:/etc/xdg'), ('XDG_DATA_DIRS', '/usr/share/ubuntu:/usr/local/share/:/usr/share/:/var/lib/snapd/desktop'), ('PYTHONPATH', '/home/nextup/ros2_ws2/install/actions_py/lib/python3.10/site-packages:/home/nextup/ros2_ws2/install/my_robot_interfaces/local/lib/python3.10/dist-packages:/home/nextup/ros2_ws2/install/lifecycle_py/lib/python3.10/site-packages:/home/nextup/ros2_ws2/install/executors_py/lib/python3.10/site-packages:/home/nextup/ros2_ws2/src/install/actions_py/lib/python3.10/site-packages:/home/nextup/ros2_ws2/src/install/my_robot_interfaces/local/lib/python3.10/dist-packages:/home/nextup/ros2_ws2/src/build/lifecycle_py:/home/nextup/ros2_ws2/src/install/lifecycle_py/lib/python3.10/site-packages:/opt/ros/humble/lib/python3.10/site-packages:/opt/ros/humble/local/lib/python3.10/dist-packages'), ('COLCON', '1'), ('VTE_VERSION', '6800'), ('CMAKE_PREFIX_PATH', '/home/nextup/ros2_ws2/src/install/my_robot_interfaces:/home/nextup/ros2_ws2/install/final_project:/home/nextup/ros2_ws2/install/actions_cpp:/home/nextup/ros2_ws2/install/my_robot_interfaces:/home/nextup/ros2_ws2/install/my_robot_bringup:/home/nextup/ros2_ws2/install/lifecycle_cpp:/home/nextup/ros2_ws2/install/executors_cpp:/home/nextup/ros2_ws2/install/components_cpp:/home/nextup/ros2_ws2/src/install/actions_cpp:/home/nextup/ros2_ws2/src/install/my_robot_bringup:/home/nextup/ros2_ws2/src/install/lifecycle_cpp:/home/nextup/ros2_ws1/install/my_robot_bringup:/home/nextup/ros2_ws1/install/my_robot_description:/home/nextup/ros2_ws2/install/actions_py:/home/nextup/ros2_ws2/install/lifecycle_py:/home/nextup/ros2_ws2/install/executors_py:/home/nextup/ros2_ws2/src/install/actions_py:/home/nextup/ros2_ws2/src/install/lifecycle_py:/opt/ros/humble')]), 'shell': False}
[0.082422] (final_project) StdoutLine: {'line': b'-- The C compiler identification is GNU 11.4.0\n'}
[0.099795] (-) TimerEvent: {}
[0.123574] (final_project) StdoutLine: {'line': b'-- The CXX compiler identification is GNU 11.4.0\n'}
[0.130366] (final_project) StdoutLine: {'line': b'-- Detecting C compiler ABI info\n'}
[0.182732] (final_project) StdoutLine: {'line': b'-- Detecting C compiler ABI info - done\n'}
[0.187811] (final_project) StdoutLine: {'line': b'-- Check for working C compiler: /usr/bin/cc - skipped\n'}
[0.188376] (final_project) StdoutLine: {'line': b'-- Detecting C compile features\n'}
[0.189141] (final_project) StdoutLine: {'line': b'-- Detecting C compile features - done\n'}
[0.195126] (final_project) StdoutLine: {'line': b'-- Detecting CXX compiler ABI info\n'}
[0.199988] (-) TimerEvent: {}
[0.257728] (final_project) StdoutLine: {'line': b'-- Detecting CXX compiler ABI info - done\n'}
[0.262404] (final_project) StdoutLine: {'line': b'-- Check for working CXX compiler: /usr/bin/c++ - skipped\n'}
[0.262705] (final_project) StdoutLine: {'line': b'-- Detecting CXX compile features\n'}
[0.262926] (final_project) StdoutLine: {'line': b'-- Detecting CXX compile features - done\n'}
[0.267676] (final_project) StdoutLine: {'line': b'-- Found ament_cmake: 1.3.9 (/opt/ros/humble/share/ament_cmake/cmake)\n'}
[0.300147] (-) TimerEvent: {}
[0.400464] (-) TimerEvent: {}
[0.500811] (-) TimerEvent: {}
[0.539675] (final_project) StdoutLine: {'line': b'-- Found Python3: /usr/bin/python3 (found version "3.10.12") found components: Interpreter \n'}
[0.601154] (-) TimerEvent: {}
[0.616228] (final_project) StdoutLine: {'line': b'-- Found rclcpp: 16.0.9 (/opt/ros/humble/share/rclcpp/cmake)\n'}
[0.657439] (final_project) StdoutLine: {'line': b'-- Found rosidl_generator_c: 3.1.5 (/opt/ros/humble/share/rosidl_generator_c/cmake)\n'}
[0.661734] (final_project) StdoutLine: {'line': b'-- Found rosidl_adapter: 3.1.5 (/opt/ros/humble/share/rosidl_adapter/cmake)\n'}
[0.668060] (final_project) StdoutLine: {'line': b'-- Found rosidl_generator_cpp: 3.1.5 (/opt/ros/humble/share/rosidl_generator_cpp/cmake)\n'}
[0.679024] (final_project) StdoutLine: {'line': b'-- Using all available rosidl_typesupport_c: rosidl_typesupport_fastrtps_c;rosidl_typesupport_introspection_c\n'}
[0.700833] (final_project) StdoutLine: {'line': b'-- Using all available rosidl_typesupport_cpp: rosidl_typesupport_fastrtps_cpp;rosidl_typesupport_introspection_cpp\n'}
[0.701298] (-) TimerEvent: {}
[0.765506] (final_project) StdoutLine: {'line': b'-- Found rmw_implementation_cmake: 6.1.2 (/opt/ros/humble/share/rmw_implementation_cmake/cmake)\n'}
[0.769634] (final_project) StdoutLine: {'line': b'-- Found rmw_fastrtps_cpp: 6.2.6 (/opt/ros/humble/share/rmw_fastrtps_cpp/cmake)\n'}
[0.801461] (-) TimerEvent: {}
[0.857249] (final_project) StdoutLine: {'line': b'-- Found OpenSSL: /usr/lib/x86_64-linux-gnu/libcrypto.so (found version "3.0.2")  \n'}
[0.882252] (final_project) StdoutLine: {'line': b'-- Found FastRTPS: /opt/ros/humble/include  \n'}
[0.901587] (-) TimerEvent: {}
[0.914334] (final_project) StdoutLine: {'line': b"-- Using RMW implementation 'rmw_fastrtps_cpp' as default\n"}
[0.926620] (final_project) StdoutLine: {'line': b'-- Looking for pthread.h\n'}
[0.993070] (final_project) StdoutLine: {'line': b'-- Looking for pthread.h - found\n'}
[0.993402] (final_project) StdoutLine: {'line': b'-- Performing Test CMAKE_HAVE_LIBC_PTHREAD\n'}
[1.001760] (-) TimerEvent: {}
[1.058090] (final_project) StdoutLine: {'line': b'-- Performing Test CMAKE_HAVE_LIBC_PTHREAD - Success\n'}
[1.059229] (final_project) StdoutLine: {'line': b'-- Found Threads: TRUE  \n'}
[1.101837] (-) TimerEvent: {}
[1.202215] (-) TimerEvent: {}
[1.207546] (final_project) StdoutLine: {'line': b'-- Found rclcpp_action: 16.0.9 (/opt/ros/humble/share/rclcpp_action/cmake)\n'}
[1.276776] (final_project) StdoutLine: {'line': b'-- Found rclcpp_lifecycle: 16.0.9 (/opt/ros/humble/share/rclcpp_lifecycle/cmake)\n'}
[1.302330] (-) TimerEvent: {}
[1.310351] (final_project) StdoutLine: {'line': b'-- Found rclcpp_components: 16.0.9 (/opt/ros/humble/share/rclcpp_components/cmake)\n'}
[1.362339] (final_project) StdoutLine: {'line': b'-- Found turtlesim: 1.4.2 (/opt/ros/humble/share/turtlesim/cmake)\n'}
[1.397534] (final_project) StdoutLine: {'line': b'-- Found geometry_msgs: 4.2.4 (/opt/ros/humble/share/geometry_msgs/cmake)\n'}
[1.402479] (-) TimerEvent: {}
[1.427664] (final_project) StdoutLine: {'line': b'-- Found my_robot_interfaces: 0.0.0 (/home/nextup/ros2_ws2/src/install/my_robot_interfaces/share/my_robot_interfaces/cmake)\n'}
[1.502652] (-) TimerEvent: {}
[1.538794] (final_project) StdoutLine: {'line': b'-- Configuring done\n'}
[1.552015] (final_project) StdoutLine: {'line': b'-- Generating done\n'}
[1.553651] (final_project) StdoutLine: {'line': b'-- Build files have been written to: /home/nextup/ros2_ws2/src/build/final_project\n'}
[1.561626] (final_project) CommandEnded: {'returncode': 0}
[1.563597] (final_project) JobProgress: {'identifier': 'final_project', 'progress': 'build'}
[1.563634] (final_project) Command: {'cmd': ['/usr/bin/cmake', '--build', '/home/nextup/ros2_ws2/src/build/final_project', '--', '-j16', '-l16'], 'cwd': '/home/nextup/ros2_ws2/src/build/final_project', 'env': OrderedDict([('GJS_DEBUG_TOPICS', 'JS ERROR;JS LOG'), ('LESSOPEN', '| /usr/bin/lesspipe %s'), ('USER', 'nextup'), ('XDG_SESSION_TYPE', 'wayland'), ('SHLVL', '1'), ('LD_LIBRARY_PATH', '/home/nextup/ros2_ws2/src/install/my_robot_interfaces/lib:/home/nextup/ros2_ws2/install/final_project/lib:/home/nextup/ros2_ws2/install/my_robot_interfaces/lib:/home/nextup/ros2_ws2/install/components_cpp/lib:/usr/lib/x86_64-linux-gnu/gazebo-11/plugins:/opt/ros/humble/opt/rviz_ogre_vendor/lib:/opt/ros/humble/lib/x86_64-linux-gnu:/opt/ros/humble/lib'), ('HOME', '/home/nextup'), ('OLDPWD', '/home/nextup/ros2_ws2'), ('DESKTOP_SESSION', 'ubuntu'), ('GIO_LAUNCHED_DESKTOP_FILE', '/usr/share/applications/terminator.desktop'), ('ROS_PYTHON_VERSION', '3'), ('GNOME_SHELL_SESSION_MODE', 'ubuntu'), ('GTK_MODULES', 'gail:atk-bridge'), ('MANAGERPID', '1569'), ('SYSTEMD_EXEC_PID', '1743'), ('DBUS_SESSION_BUS_ADDRESS', 'unix:path=/run/user/1000/bus'), ('COLORTERM', 'truecolor'), ('TERMINATOR_DBUS_NAME', 'net.tenshu.Terminator25ef4b219e3b005583550f2b0f9f990c3'), ('GIO_LAUNCHED_DESKTOP_FILE_PID', '11957'), ('IM_CONFIG_PHASE', '1'), ('WAYLAND_DISPLAY', 'wayland-0'), ('COLCON_PREFIX_PATH', '/home/nextup/ros2_ws2/install:/home/nextup/ros2_ws2/src/install:/home/nextup/install:/home/nextup/ros2_ws/install:/home/nextup/ros2_ws1/install'), ('ROS_DISTRO', 'humble'), ('LOGNAME', 'nextup'), ('JOURNAL_STREAM', '8:38159'), ('_', '/usr/bin/colcon'), ('ROS_VERSION', '2'), ('XDG_SESSION_CLASS', 'user'), ('USERNAME', 'nextup'), ('TERM', 'xterm-256color'), ('GNOME_DESKTOP_SESSION_ID', 'this-is-deprecated'), ('ROS_LOCALHOST_ONLY', '0'), ('PATH', '/opt/ros/humble/bin:/home/nextup/.local/bin:/usr/local/sbin:/usr/local/bin:/usr/sbin:/usr/bin:/sbin:/bin:/usr/games:/usr/local/games:/snap/bin:/snap/bin'), ('SESSION_MANAGER', 'local/nextup:@/tmp/.ICE-unix/1722,unix/nextup:/tmp/.ICE-unix/1722'), ('INVOCATION_ID', '592757fdc8c6475d86e7af20b616531e'), ('XDG_MENU_PREFIX', 'gnome-'), ('GNOME_SETUP_DISPLAY', ':1'), ('XDG_RUNTIME_DIR', '/run/user/1000'), ('DISPLAY', ':0'), ('TERMINATOR_DBUS_PATH', '/net/tenshu/Terminator2'), ('LANG', 'en_US.UTF-8'), ('XDG_CURRENT_DESKTOP', 'ubuntu:GNOME'), ('IBUS_DISABLE_SNOOPER', '1'), ('XMODIFIERS', '@im=ibus'), ('XDG_SESSION_DESKTOP', 'ubuntu'), ('XAUTHORITY', '/run/user/1000/.mutter-Xwaylandauth.71ZKQ2'), ('LS_COLORS', 'rs=0:di=01;34:ln=01;36:mh=00:pi=40;33:so=01;35:do=01;35:bd=40;33;01:cd=40;33;01:or=40;31;01:mi=00:su=37;41:sg=30;43:ca=30;41:tw=30;42:ow=34;42:st=37;44:ex=01;32:*.tar=01;31:*.tgz=01;31:*.arc=01;31:*.arj=01;31:*.taz=01;31:*.lha=01;31:*.lz4=01;31:*.lzh=01;31:*.lzma=01;31:*.tlz=01;31:*.txz=01;31:*.tzo=01;31:*.t7z=01;31:*.zip=01;31:*.z=01;31:*.dz=01;31:*.gz=01;31:*.lrz=01;31:*.lz=01;31:*.lzo=01;31:*.xz=01;31:*.zst=01;31:*.tzst=01;31:*.bz2=01;31:*.bz=01;31:*.tbz=01;31:*.tbz2=01;31:*.tz=01;31:*.deb=01;31:*.rpm=01;31:*.jar=01;31:*.war=01;31:*.ear=01;31:*.sar=01;31:*.rar=01;31:*.alz=01;31:*.ace=01;31:*.zoo=01;31:*.cpio=01;31:*.7z=01;31:*.rz=01;31:*.cab=01;31:*.wim=01;31:*.swm=01;31:*.dwm=01;31:*.esd=01;31:*.jpg=01;35:*.jpeg=01;35:*.mjpg=01;35:*.mjpeg=01;35:*.gif=01;35:*.bmp=01;35:*.pbm=01;35:*.pgm=01;35:*.ppm=01;35:*.tga=01;35:*.xbm=01;35:*.xpm=01;35:*.tif=01;35:*.tiff=01;35:*.png=01;35:*.svg=01;35:*.svgz=01;35:*.mng=01;35:*.pcx=01;35:*.mov=01;35:*.mpg=01;35:*.mpeg=01;35:*.m2v=01;35:*.mkv=01;35:*.webm=01;35:*.webp=01;35:*.ogm=01;35:*.mp4=01;35:*.m4v=01;35:*.mp4v=01;35:*.vob=01;35:*.qt=01;35:*.nuv=01;35:*.wmv=01;35:*.asf=01;35:*.rm=01;35:*.rmvb=01;35:*.flc=01;35:*.avi=01;35:*.fli=01;35:*.flv=01;35:*.gl=01;35:*.dl=01;35:*.xcf=01;35:*.xwd=01;35:*.yuv=01;35:*.cgm=01;35:*.emf=01;35:*.ogv=01;35:*.ogx=01;35:*.aac=00;36:*.au=00;36:*.flac=00;36:*.m4a=00;36:*.mid=00;36:*.midi=00;36:*.mka=00;36:*.mp3=00;36:*.mpc=00;36:*.ogg=00;36:*.ra=00;36:*.wav=00;36:*.oga=00;36:*.opus=00;36:*.spx=00;36:*.xspf=00;36:'), ('SSH_AGENT_LAUNCHER', 'gnome-keyring'), ('SSH_AUTH_SOCK', '/run/user/1000/keyring/ssh'), ('ROS_DOMAIN_ID', '1'), ('AMENT_PREFIX_PATH', '/home/nextup/ros2_ws2/install/final_project:/home/nextup/ros2_ws2/install/actions_py:/home/nextup/ros2_ws2/install/actions_cpp:/home/nextup/ros2_ws2/install/my_robot_interfaces:/home/nextup/ros2_ws2/install/my_robot_bringup:/home/nextup/ros2_ws2/install/lifecycle_py:/home/nextup/ros2_ws2/install/lifecycle_cpp:/home/nextup/ros2_ws2/install/executors_py:/home/nextup/ros2_ws2/install/executors_cpp:/home/nextup/ros2_ws2/install/components_cpp:/home/nextup/ros2_ws2/src/install/actions_py:/home/nextup/ros2_ws2/src/install/actions_cpp:/home/nextup/ros2_ws2/src/install/my_robot_interfaces:/home/nextup/ros2_ws2/src/install/my_robot_bringup:/home/nextup/ros2_ws2/src/install/lifecycle_py:/home/nextup/ros2_ws2/src/install/lifecycle_cpp:/home/nextup/ros2_ws1/install/my_robot_bringup:/home/nextup/ros2_ws1/install/my_robot_description:/opt/ros/humble'), ('SHELL', '/bin/bash'), ('TERMINATOR_UUID', 'urn:uuid:0ef65012-19d1-4554-85a0-341505dd284b'), ('QT_ACCESSIBILITY', '1'), ('GDMSESSION', 'ubuntu'), ('LESSCLOSE', '/usr/bin/lesspipe %s %s'), ('GJS_DEBUG_OUTPUT', 'stderr'), ('QT_IM_MODULE', 'ibus'), ('PWD', '/home/nextup/ros2_ws2/src/build/final_project'), ('LC_ALL', 'en_US.UTF-8'), ('XDG_CONFIG_DIRS', '/etc/xdg/xdg-ubuntu:/etc/xdg'), ('XDG_DATA_DIRS', '/usr/share/ubuntu:/usr/local/share/:/usr/share/:/var/lib/snapd/desktop'), ('PYTHONPATH', '/home/nextup/ros2_ws2/install/actions_py/lib/python3.10/site-packages:/home/nextup/ros2_ws2/install/my_robot_interfaces/local/lib/python3.10/dist-packages:/home/nextup/ros2_ws2/install/lifecycle_py/lib/python3.10/site-packages:/home/nextup/ros2_ws2/install/executors_py/lib/python3.10/site-packages:/home/nextup/ros2_ws2/src/install/actions_py/lib/python3.10/site-packages:/home/nextup/ros2_ws2/src/install/my_robot_interfaces/local/lib/python3.10/dist-packages:/home/nextup/ros2_ws2/src/build/lifecycle_py:/home/nextup/ros2_ws2/src/install/lifecycle_py/lib/python3.10/site-packages:/opt/ros/humble/lib/python3.10/site-packages:/opt/ros/humble/local/lib/python3.10/dist-packages'), ('COLCON', '1'), ('VTE_VERSION', '6800'), ('CMAKE_PREFIX_PATH', '/home/nextup/ros2_ws2/src/install/my_robot_interfaces:/home/nextup/ros2_ws2/install/final_project:/home/nextup/ros2_ws2/install/actions_cpp:/home/nextup/ros2_ws2/install/my_robot_interfaces:/home/nextup/ros2_ws2/install/my_robot_bringup:/home/nextup/ros2_ws2/install/lifecycle_cpp:/home/nextup/ros2_ws2/install/executors_cpp:/home/nextup/ros2_ws2/install/components_cpp:/home/nextup/ros2_ws2/src/install/actions_cpp:/home/nextup/ros2_ws2/src/install/my_robot_bringup:/home/nextup/ros2_ws2/src/install/lifecycle_cpp:/home/nextup/ros2_ws1/install/my_robot_bringup:/home/nextup/ros2_ws1/install/my_robot_description:/home/nextup/ros2_ws2/install/actions_py:/home/nextup/ros2_ws2/install/lifecycle_py:/home/nextup/ros2_ws2/install/executors_py:/home/nextup/ros2_ws2/src/install/actions_py:/home/nextup/ros2_ws2/src/install/lifecycle_py:/opt/ros/humble')]), 'shell': False}
[1.602834] (-) TimerEvent: {}
[1.603892] (final_project) StdoutLine: {'line': b'[ 50%] \x1b[32mBuilding CXX object CMakeFiles/turtlebot_control_component.dir/src/final_project_turtlebot.cpp.o\x1b[0m\n'}
[1.604154] (final_project) StdoutLine: {'line': b'[ 50%] \x1b[32mBuilding CXX object CMakeFiles/final_project_component.dir/src/final_project.cpp.o\x1b[0m\n'}
[1.604259] (final_project) StdoutLine: {'line': b'[ 50%] \x1b[32mBuilding CXX object CMakeFiles/final_project_step3.dir/src/final_project_step3.cpp.o\x1b[0m\n'}
[1.703009] (-) TimerEvent: {}
[1.803684] (-) TimerEvent: {}
[1.821470] (final_project) StderrLine: {'line': b'\x1b[01m\x1b[K/home/nextup/ros2_ws2/src/final_project/src/final_project_step3.cpp:6:10:\x1b[m\x1b[K \x1b[01;31m\x1b[Kfatal error: \x1b[m\x1b[Kmy_robot_interfaces/action/move_turtle.hpp: No such file or directory\n'}
[1.821722] (final_project) StderrLine: {'line': b'    6 | #include \x1b[01;31m\x1b[K"my_robot_interfaces/action/move_turtle.hpp"\x1b[m\x1b[K\n'}
[1.821871] (final_project) StderrLine: {'line': b'      |          \x1b[01;31m\x1b[K^~~~~~~~~~~~~~~~~~~~~~~~~~~~~~~~~~~~~~~~~~~~\x1b[m\x1b[K\n'}
[1.821983] (final_project) StderrLine: {'line': b'compilation terminated.\n'}
[1.822064] (final_project) StderrLine: {'line': b'\x1b[01m\x1b[K/home/nextup/ros2_ws2/src/final_project/src/final_project.cpp:6:10:\x1b[m\x1b[K \x1b[01;31m\x1b[Kfatal error: \x1b[m\x1b[Kmy_robot_interfaces/action/move_turtle.hpp: No such file or directory\n'}
[1.822142] (final_project) StderrLine: {'line': b'    6 | #include \x1b[01;31m\x1b[K"my_robot_interfaces/action/move_turtle.hpp"\x1b[m\x1b[K\n'}
[1.822218] (final_project) StderrLine: {'line': b'      |          \x1b[01;31m\x1b[K^~~~~~~~~~~~~~~~~~~~~~~~~~~~~~~~~~~~~~~~~~~~\x1b[m\x1b[K\n'}
[1.822292] (final_project) StderrLine: {'line': b'compilation terminated.\n'}
[1.823845] (final_project) StderrLine: {'line': b'\x1b[01m\x1b[K/home/nextup/ros2_ws2/src/final_project/src/final_project_turtlebot.cpp:4:10:\x1b[m\x1b[K \x1b[01;31m\x1b[Kfatal error: \x1b[m\x1b[Kmy_robot_interfaces/action/move_turtle.hpp: No such file or directory\n'}
[1.824052] (final_project) StderrLine: {'line': b'    4 | #include \x1b[01;31m\x1b[K"my_robot_interfaces/action/move_turtle.hpp"\x1b[m\x1b[K\n'}
[1.824166] (final_project) StderrLine: {'line': b'      |          \x1b[01;31m\x1b[K^~~~~~~~~~~~~~~~~~~~~~~~~~~~~~~~~~~~~~~~~~~~\x1b[m\x1b[K\n'}
[1.824235] (final_project) StderrLine: {'line': b'compilation terminated.\n'}
[1.824299] (final_project) StderrLine: {'line': b'gmake[2]: *** [CMakeFiles/final_project_step3.dir/build.make:76: CMakeFiles/final_project_step3.dir/src/final_project_step3.cpp.o] Error 1\n'}
[1.824362] (final_project) StderrLine: {'line': b'gmake[1]: *** [CMakeFiles/Makefile2:193: CMakeFiles/final_project_step3.dir/all] Error 2\n'}
[1.824424] (final_project) StderrLine: {'line': b'gmake[1]: *** Waiting for unfinished jobs....\n'}
[1.825320] (final_project) StderrLine: {'line': b'gmake[2]: *** [CMakeFiles/final_project_component.dir/build.make:76: CMakeFiles/final_project_component.dir/src/final_project.cpp.o] Error 1\n'}
[1.825506] (final_project) StderrLine: {'line': b'gmake[1]: *** [CMakeFiles/Makefile2:141: CMakeFiles/final_project_component.dir/all] Error 2\n'}
[1.826041] (final_project) StderrLine: {'line': b'gmake[2]: *** [CMakeFiles/turtlebot_control_component.dir/build.make:76: CMakeFiles/turtlebot_control_component.dir/src/final_project_turtlebot.cpp.o] Error 1\n'}
[1.826177] (final_project) StderrLine: {'line': b'gmake[1]: *** [CMakeFiles/Makefile2:167: CMakeFiles/turtlebot_control_component.dir/all] Error 2\n'}
[1.826278] (final_project) StderrLine: {'line': b'gmake: *** [Makefile:146: all] Error 2\n'}
[1.828562] (final_project) CommandEnded: {'returncode': 2}
[1.862592] (final_project) JobEnded: {'identifier': 'final_project', 'rc': 2}
[1.873159] (-) EventReactorShutdown: {}
