[0.009s] Invoking command in '/home/anjali/arduinoboot_ws/build/arduniobot_controller': CMAKE_PREFIX_PATH=${CMAKE_PREFIX_PATH}:/home/anjali/arduinoboot_ws/install/arduinoboot_py_examples:/opt/ros/humble /usr/bin/cmake --build /home/anjali/arduinoboot_ws/build/arduniobot_controller -- -j16 -l16
[0.039s] [35m[1mConsolidate compiler generated dependencies of target slider_control[0m
[0.046s] [ 25%] [32mBuilding CXX object CMakeFiles/arduniobot_controller.dir/src/arduniobot_interface.cpp.o[0m
[0.051s] [ 75%] Built target slider_control
[0.052s] [01m[K/home/anjali/arduinoboot_ws/src/arduniobot_controller/src/arduniobot_interface.cpp:1:10:[m[K [01;31m[Kfatal error: [m[Karduniobot_controller/arduniobot_interface.hpp: No such file or directory
[0.052s]     1 | #include [01;31m[K"arduniobot_controller/arduniobot_interface.hpp"[m[K
[0.052s]       |          [01;31m[K^~~~~~~~~~~~~~~~~~~~~~~~~~~~~~~~~~~~~~~~~~~~~~~~[m[K
[0.052s] compilation terminated.
[0.066s] gmake[2]: *** [CMakeFiles/arduniobot_controller.dir/build.make:76: CMakeFiles/arduniobot_controller.dir/src/arduniobot_interface.cpp.o] Error 1
[0.066s] gmake[1]: *** [CMakeFiles/Makefile2:165: CMakeFiles/arduniobot_controller.dir/all] Error 2
[0.066s] gmake: *** [Makefile:146: all] Error 2
[0.068s] Invoked command in '/home/anjali/arduinoboot_ws/build/arduniobot_controller' returned '2': CMAKE_PREFIX_PATH=${CMAKE_PREFIX_PATH}:/home/anjali/arduinoboot_ws/install/arduinoboot_py_examples:/opt/ros/humble /usr/bin/cmake --build /home/anjali/arduinoboot_ws/build/arduniobot_controller -- -j16 -l16
