[01m[K/home/nextup/ros2_ws/src/my_cpp_pkg/src/hw_status_publisher.cpp:2:10:[m[K [01;31m[Kfatal error: [m[Kmy_robot_interfaces/msg/hardware_status.hpp: No such file or directory
    2 | #include [01;31m[K"my_robot_interfaces/msg/hardware_status.hpp"[m[K
      |          [01;31m[K^~~~~~~~~~~~~~~~~~~~~~~~~~~~~~~~~~~~~~~~~~~~~[m[K
[01m[K/home/nextup/ros2_ws/src/my_cpp_pkg/src/number_publisher.cpp:2:11:[m[K [01;31m[Kfatal error: [m[Kexample_interfaces/msg/int64.hpp: No such file or directory
    2 | #include  [01;31m[K"example_interfaces/msg/int64.hpp"[m[K
      |           [01;31m[K^~~~~~~~~~~~~~~~~~~~~~~~~~~~~~~~~~[m[K
compilation terminated.
compilation terminated.
[01m[K/home/nextup/ros2_ws/src/my_cpp_pkg/src/smartphone.cpp:2:10:[m[K [01;31m[Kfatal error: [m[Kexample_interfaces/msg/string.hpp: No such file or directory
    2 | #include [01;31m[K"example_interfaces/msg/string.hpp"[m[K
      |          [01;31m[K^~~~~~~~~~~~~~~~~~~~~~~~~~~~~~~~~~~[m[K
compilation terminated.
gmake[2]: *** [CMakeFiles/number_publisher.dir/build.make:76: CMakeFiles/number_publisher.dir/src/number_publisher.cpp.o] Error 1
gmake[2]: *** [CMakeFiles/hw_status_publisher.dir/build.make:76: CMakeFiles/hw_status_publisher.dir/src/hw_status_publisher.cpp.o] Error 1
gmake[1]: *** [CMakeFiles/Makefile2:223: CMakeFiles/number_publisher.dir/all] Error 2
gmake[1]: *** Waiting for unfinished jobs....
gmake[1]: *** [CMakeFiles/Makefile2:171: CMakeFiles/hw_status_publisher.dir/all] Error 2
gmake[2]: *** [CMakeFiles/smartphone.dir/build.make:76: CMakeFiles/smartphone.dir/src/smartphone.cpp.o] Error 1
gmake[1]: *** [CMakeFiles/Makefile2:249: CMakeFiles/smartphone.dir/all] Error 2
[01m[K/home/nextup/ros2_ws/src/my_cpp_pkg/src/robot_news_station.cpp:36:5:[m[K [01;31m[Kerror: [m[Kredefinition of â€˜[01m[Kint main(int, char**)[m[Kâ€™
   36 | int [01;31m[Kmain[m[K(int argc, char **argv) {
      |     [01;31m[K^~~~[m[K
[01m[K/home/nextup/ros2_ws/src/my_cpp_pkg/src/robot_news_station.cpp:27:5:[m[K [01;36m[Knote: [m[Kâ€˜[01m[Kint main(int, char**)[m[Kâ€™ previously defined here
   27 | int [01;36m[Kmain[m[K(int argc, char **argv) {
      |     [01;36m[K^~~~[m[K
gmake[2]: *** [CMakeFiles/robot_news_station.dir/build.make:76: CMakeFiles/robot_news_station.dir/src/robot_news_station.cpp.o] Error 1
gmake[1]: *** [CMakeFiles/Makefile2:197: CMakeFiles/robot_news_station.dir/all] Error 2
gmake: *** [Makefile:146: all] Error 2
