[0.008s] Invoking command in '/home/nextup/ros2_ws/src/build/my_cpp_pkg': CMAKE_PREFIX_PATH=${CMAKE_PREFIX_PATH}:/home/nextup/ros2_ws/install/my_py_pkg:/opt/ros/humble /usr/bin/cmake --build /home/nextup/ros2_ws/src/build/my_cpp_pkg -- -j16 -l16
[0.024s] -- Found ament_cmake: 1.3.9 (/opt/ros/humble/share/ament_cmake/cmake)
[0.112s] -- Found rclcpp: 16.0.9 (/opt/ros/humble/share/rclcpp/cmake)
[0.129s] -- Found rosidl_generator_c: 3.1.5 (/opt/ros/humble/share/rosidl_generator_c/cmake)
[0.130s] -- Found rosidl_adapter: 3.1.5 (/opt/ros/humble/share/rosidl_adapter/cmake)
[0.135s] -- Found rosidl_generator_cpp: 3.1.5 (/opt/ros/humble/share/rosidl_generator_cpp/cmake)
[0.142s] -- Using all available rosidl_typesupport_c: rosidl_typesupport_fastrtps_c;rosidl_typesupport_introspection_c
[0.151s] -- Using all available rosidl_typesupport_cpp: rosidl_typesupport_fastrtps_cpp;rosidl_typesupport_introspection_cpp
[0.187s] -- Found rmw_implementation_cmake: 6.1.2 (/opt/ros/humble/share/rmw_implementation_cmake/cmake)
[0.188s] -- Found rmw_fastrtps_cpp: 6.2.6 (/opt/ros/humble/share/rmw_fastrtps_cpp/cmake)
[0.262s] -- Using RMW implementation 'rmw_fastrtps_cpp' as default
[0.358s] -- Found example_interfaces: 0.9.3 (/opt/ros/humble/share/example_interfaces/cmake)
[0.461s] -- Found my_robot_interfaces: 0.0.0 (/home/nextup/ros2_ws/install/my_robot_interfaces/share/my_robot_interfaces/cmake)
[0.519s] -- Configuring done
[0.539s] -- Generating done
[0.543s] -- Build files have been written to: /home/nextup/ros2_ws/src/build/my_cpp_pkg
[0.562s] [35m[1mConsolidate compiler generated dependencies of target my_first_node[0m
[0.569s] [ 30%] [32mBuilding CXX object CMakeFiles/hw_status_publisher.dir/src/hw_status_publisher.cpp.o[0m
[0.569s] [ 30%] [32mBuilding CXX object CMakeFiles/robot_news_station.dir/src/robot_news_station.cpp.o[0m
[0.569s] [ 30%] [32mBuilding CXX object CMakeFiles/number_publisher.dir/src/number_publisher.cpp.o[0m
[0.575s] [ 60%] Built target my_first_node
[0.575s] [ 60%] [32mBuilding CXX object CMakeFiles/smartphone.dir/src/smartphone.cpp.o[0m
[0.712s] [01m[K/home/nextup/ros2_ws/src/my_cpp_pkg/src/hw_status_publisher.cpp:2:10:[m[K [01;31m[Kfatal error: [m[Kmy_robot_interfaces/msg/hardware_status.hpp: No such file or directory
[0.712s]     2 | #include [01;31m[K"my_robot_interfaces/msg/hardware_status.hpp"[m[K
[0.712s]       |          [01;31m[K^~~~~~~~~~~~~~~~~~~~~~~~~~~~~~~~~~~~~~~~~~~~~[m[K
[0.712s] [01m[K/home/nextup/ros2_ws/src/my_cpp_pkg/src/number_publisher.cpp:2:11:[m[K [01;31m[Kfatal error: [m[Kexample_interfaces/msg/int64.hpp: No such file or directory
[0.712s]     2 | #include  [01;31m[K"example_interfaces/msg/int64.hpp"[m[K
[0.712s]       |           [01;31m[K^~~~~~~~~~~~~~~~~~~~~~~~~~~~~~~~~~[m[K
[0.712s] compilation terminated.
[0.713s] compilation terminated.
[0.714s] [01m[K/home/nextup/ros2_ws/src/my_cpp_pkg/src/smartphone.cpp:2:10:[m[K [01;31m[Kfatal error: [m[Kexample_interfaces/msg/string.hpp: No such file or directory
[0.714s]     2 | #include [01;31m[K"example_interfaces/msg/string.hpp"[m[K
[0.714s]       |          [01;31m[K^~~~~~~~~~~~~~~~~~~~~~~~~~~~~~~~~~~[m[K
[0.714s] compilation terminated.
[0.716s] gmake[2]: *** [CMakeFiles/number_publisher.dir/build.make:76: CMakeFiles/number_publisher.dir/src/number_publisher.cpp.o] Error 1
[0.717s] gmake[2]: *** [CMakeFiles/hw_status_publisher.dir/build.make:76: CMakeFiles/hw_status_publisher.dir/src/hw_status_publisher.cpp.o] Error 1
[0.717s] gmake[1]: *** [CMakeFiles/Makefile2:223: CMakeFiles/number_publisher.dir/all] Error 2
[0.717s] gmake[1]: *** Waiting for unfinished jobs....
[0.717s] gmake[1]: *** [CMakeFiles/Makefile2:171: CMakeFiles/hw_status_publisher.dir/all] Error 2
[0.717s] gmake[2]: *** [CMakeFiles/smartphone.dir/build.make:76: CMakeFiles/smartphone.dir/src/smartphone.cpp.o] Error 1
[0.717s] gmake[1]: *** [CMakeFiles/Makefile2:249: CMakeFiles/smartphone.dir/all] Error 2
[2.158s] [01m[K/home/nextup/ros2_ws/src/my_cpp_pkg/src/robot_news_station.cpp:36:5:[m[K [01;31m[Kerror: [m[Kredefinition of â€˜[01m[Kint main(int, char**)[m[Kâ€™
[2.158s]    36 | int [01;31m[Kmain[m[K(int argc, char **argv) {
[2.158s]       |     [01;31m[K^~~~[m[K
[2.158s] [01m[K/home/nextup/ros2_ws/src/my_cpp_pkg/src/robot_news_station.cpp:27:5:[m[K [01;36m[Knote: [m[Kâ€˜[01m[Kint main(int, char**)[m[Kâ€™ previously defined here
[2.158s]    27 | int [01;36m[Kmain[m[K(int argc, char **argv) {
[2.158s]       |     [01;36m[K^~~~[m[K
[2.695s] gmake[2]: *** [CMakeFiles/robot_news_station.dir/build.make:76: CMakeFiles/robot_news_station.dir/src/robot_news_station.cpp.o] Error 1
[2.695s] gmake[1]: *** [CMakeFiles/Makefile2:197: CMakeFiles/robot_news_station.dir/all] Error 2
[2.696s] gmake: *** [Makefile:146: all] Error 2
[2.698s] Invoked command in '/home/nextup/ros2_ws/src/build/my_cpp_pkg' returned '2': CMAKE_PREFIX_PATH=${CMAKE_PREFIX_PATH}:/home/nextup/ros2_ws/install/my_py_pkg:/opt/ros/humble /usr/bin/cmake --build /home/nextup/ros2_ws/src/build/my_cpp_pkg -- -j16 -l16
