[0.279s] Invoking command in '/home/anjali/arduinoboot_ws/src/build/ardunio_cpp_examples': CMAKE_PREFIX_PATH=${CMAKE_PREFIX_PATH}:/home/anjali/arduinoboot_ws/install/arduinoboot_py_examples:/opt/ros/humble /usr/bin/cmake --build /home/anjali/arduinoboot_ws/src/build/ardunio_cpp_examples -- -j16 -l16
[0.319s] [35m[1mConsolidate compiler generated dependencies of target simple_service_server[0m
[0.319s] [35m[1mConsolidate compiler generated dependencies of target simple_action_client_node[0m
[0.319s] [35m[1mConsolidate compiler generated dependencies of target simple_action_server_node[0m
[0.319s] [35m[1mConsolidate compiler generated dependencies of target simple_parameter[0m
[0.319s] [35m[1mConsolidate compiler generated dependencies of target simple_service_client[0m
[0.319s] [35m[1mConsolidate compiler generated dependencies of target simple_subscriber[0m
[0.319s] [35m[1mConsolidate compiler generated dependencies of target simple_moveit_interface[0m
[0.335s] [  5%] [32mBuilding CXX object CMakeFiles/simple_action_client.dir/src/simple_action_client.cpp.o[0m
[0.342s] [ 10%] [32mBuilding CXX object CMakeFiles/simple_action_server.dir/src/simple_action_server.cpp.o[0m
[0.345s] [35m[1mConsolidate compiler generated dependencies of target simple_publisher[0m
[0.345s] [ 40%] Built target simple_service_client
[0.345s] [ 40%] Built target simple_service_server
[0.345s] [ 40%] Built target simple_parameter
[0.346s] [ 50%] Built target simple_action_client_node
[0.346s] [ 60%] Built target simple_subscriber
[0.348s] [ 70%] Built target simple_action_server_node
[0.360s] [ 80%] Built target simple_moveit_interface
[0.366s] [ 90%] Built target simple_publisher
[0.513s] [01m[K/home/anjali/arduinoboot_ws/src/ardunio_cpp_examples/src/simple_action_client.cpp:4:10:[m[K [01;31m[Kfatal error: [m[Karduniobot_msgs/action/fibonacci.hpp: No such file or directory
[0.514s]     4 | #include [01;31m[K"arduniobot_msgs/action/fibonacci.hpp"[m[K
[0.514s]       |          [01;31m[K^~~~~~~~~~~~~~~~~~~~~~~~~~~~~~~~~~~~~~[m[K
[0.514s] compilation terminated.
[0.517s] gmake[2]: *** [CMakeFiles/simple_action_client.dir/build.make:76: CMakeFiles/simple_action_client.dir/src/simple_action_client.cpp.o] Error 1
[0.517s] gmake[1]: *** [CMakeFiles/Makefile2:337: CMakeFiles/simple_action_client.dir/all] Error 2
[0.517s] gmake[1]: *** Waiting for unfinished jobs....
[0.519s] [01m[K/home/anjali/arduinoboot_ws/src/ardunio_cpp_examples/src/simple_action_server.cpp:4:10:[m[K [01;31m[Kfatal error: [m[Karduniobot_msgs/action/fibonacci.hpp: No such file or directory
[0.519s]     4 | #include [01;31m[K"arduniobot_msgs/action/fibonacci.hpp"[m[K
[0.519s]       |          [01;31m[K^~~~~~~~~~~~~~~~~~~~~~~~~~~~~~~~~~~~~~[m[K
[0.519s] compilation terminated.
[0.528s] gmake[2]: *** [CMakeFiles/simple_action_server.dir/build.make:76: CMakeFiles/simple_action_server.dir/src/simple_action_server.cpp.o] Error 1
[0.529s] gmake[1]: *** [CMakeFiles/Makefile2:285: CMakeFiles/simple_action_server.dir/all] Error 2
[0.530s] gmake: *** [Makefile:146: all] Error 2
[0.532s] Invoked command in '/home/anjali/arduinoboot_ws/src/build/ardunio_cpp_examples' returned '2': CMAKE_PREFIX_PATH=${CMAKE_PREFIX_PATH}:/home/anjali/arduinoboot_ws/install/arduinoboot_py_examples:/opt/ros/humble /usr/bin/cmake --build /home/anjali/arduinoboot_ws/src/build/ardunio_cpp_examples -- -j16 -l16
