[0.252s] Invoking command in '/home/anjali/arduinoboot_ws/src/build/ardunio_cpp_examples': CMAKE_PREFIX_PATH=${CMAKE_PREFIX_PATH}:/home/anjali/arduinoboot_ws/install/arduinoboot_py_examples:/opt/ros/humble /usr/bin/cmake --build /home/anjali/arduinoboot_ws/src/build/ardunio_cpp_examples -- -j16 -l16
[0.305s] [ 10%] [32mBuilding CXX object CMakeFiles/simple_action_client.dir/src/simple_action_client.cpp.o[0m
[0.306s] [ 10%] [32mBuilding CXX object CMakeFiles/simple_action_server.dir/src/simple_action_server.cpp.o[0m
[0.310s] [ 80%] Built target simple_service_server
[0.311s] [ 80%] Built target simple_parameter
[0.311s] [ 80%] Built target simple_action_server_node
[0.311s] [ 80%] Built target simple_service_client
[0.311s] [ 80%] Built target simple_action_client_node
[0.311s] [ 80%] Built target simple_publisher
[0.311s] [ 80%] Built target simple_subscriber
[0.320s] [ 90%] Built target simple_moveit_interface
[0.474s] [01m[K/home/anjali/arduinoboot_ws/src/ardunio_cpp_examples/src/simple_action_server.cpp:4:10:[m[K [01;31m[Kfatal error: [m[Karduniobot_msgs/action/fibonacci.hpp: No such file or directory
[0.474s]     4 | #include [01;31m[K"arduniobot_msgs/action/fibonacci.hpp"[m[K
[0.474s]       |          [01;31m[K^~~~~~~~~~~~~~~~~~~~~~~~~~~~~~~~~~~~~~[m[K
[0.474s] compilation terminated.
[0.474s] [01m[K/home/anjali/arduinoboot_ws/src/ardunio_cpp_examples/src/simple_action_client.cpp:4:10:[m[K [01;31m[Kfatal error: [m[Karduniobot_msgs/action/fibonacci.hpp: No such file or directory
[0.474s]     4 | #include [01;31m[K"arduniobot_msgs/action/fibonacci.hpp"[m[K
[0.474s]       |          [01;31m[K^~~~~~~~~~~~~~~~~~~~~~~~~~~~~~~~~~~~~~[m[K
[0.474s] compilation terminated.
[0.477s] gmake[2]: *** [CMakeFiles/simple_action_server.dir/build.make:76: CMakeFiles/simple_action_server.dir/src/simple_action_server.cpp.o] Error 1
[0.477s] gmake[2]: *** [CMakeFiles/simple_action_client.dir/build.make:76: CMakeFiles/simple_action_client.dir/src/simple_action_client.cpp.o] Error 1
[0.477s] gmake[1]: *** [CMakeFiles/Makefile2:285: CMakeFiles/simple_action_server.dir/all] Error 2
[0.477s] gmake[1]: *** Waiting for unfinished jobs....
[0.477s] gmake[1]: *** [CMakeFiles/Makefile2:337: CMakeFiles/simple_action_client.dir/all] Error 2
[0.478s] gmake: *** [Makefile:146: all] Error 2
