[01m[K/home/nextup/ros2_ws2/src/final_project/src/final_project_step3.cpp:6:10:[m[K [01;31m[Kfatal error: [m[Kmy_robot_interfaces/action/move_turtle.hpp: No such file or directory
    6 | #include [01;31m[K"my_robot_interfaces/action/move_turtle.hpp"[m[K
      |          [01;31m[K^~~~~~~~~~~~~~~~~~~~~~~~~~~~~~~~~~~~~~~~~~~~[m[K
compilation terminated.
[01m[K/home/nextup/ros2_ws2/src/final_project/src/final_project.cpp:6:10:[m[K [01;31m[Kfatal error: [m[Kmy_robot_interfaces/action/move_turtle.hpp: No such file or directory
    6 | #include [01;31m[K"my_robot_interfaces/action/move_turtle.hpp"[m[K
      |          [01;31m[K^~~~~~~~~~~~~~~~~~~~~~~~~~~~~~~~~~~~~~~~~~~~[m[K
compilation terminated.
[01m[K/home/nextup/ros2_ws2/src/final_project/src/final_project_turtlebot.cpp:4:10:[m[K [01;31m[Kfatal error: [m[Kmy_robot_interfaces/action/move_turtle.hpp: No such file or directory
    4 | #include [01;31m[K"my_robot_interfaces/action/move_turtle.hpp"[m[K
      |          [01;31m[K^~~~~~~~~~~~~~~~~~~~~~~~~~~~~~~~~~~~~~~~~~~~[m[K
compilation terminated.
gmake[2]: *** [CMakeFiles/final_project_step3.dir/build.make:76: CMakeFiles/final_project_step3.dir/src/final_project_step3.cpp.o] Error 1
gmake[2]: *** [CMakeFiles/final_project_component.dir/build.make:76: CMakeFiles/final_project_component.dir/src/final_project.cpp.o] Error 1
gmake[1]: *** [CMakeFiles/Makefile2:193: CMakeFiles/final_project_step3.dir/all] Error 2
gmake[1]: *** Waiting for unfinished jobs....
gmake[1]: *** [CMakeFiles/Makefile2:141: CMakeFiles/final_project_component.dir/all] Error 2
gmake[2]: *** [CMakeFiles/turtlebot_control_component.dir/build.make:76: CMakeFiles/turtlebot_control_component.dir/src/final_project_turtlebot.cpp.o] Error 1
gmake[1]: *** [CMakeFiles/Makefile2:167: CMakeFiles/turtlebot_control_component.dir/all] Error 2
gmake: *** [Makefile:146: all] Error 2
