[0.013s] Invoking command in '/home/nextup/ros2_ws2/src/build/final_project': CMAKE_PREFIX_PATH=/home/nextup/ros2_ws2/src/install/my_robot_interfaces:/home/nextup/ros2_ws2/install/final_project:/home/nextup/ros2_ws2/install/actions_cpp:/home/nextup/ros2_ws2/install/my_robot_interfaces:/home/nextup/ros2_ws2/install/my_robot_bringup:/home/nextup/ros2_ws2/install/lifecycle_cpp:/home/nextup/ros2_ws2/install/executors_cpp:/home/nextup/ros2_ws2/install/components_cpp:/home/nextup/ros2_ws2/src/install/actions_cpp:/home/nextup/ros2_ws2/src/install/my_robot_bringup:/home/nextup/ros2_ws2/src/install/lifecycle_cpp:/home/nextup/ros2_ws1/install/my_robot_bringup:/home/nextup/ros2_ws1/install/my_robot_description:/home/nextup/ros2_ws2/install/actions_py:/home/nextup/ros2_ws2/install/lifecycle_py:/home/nextup/ros2_ws2/install/executors_py:/home/nextup/ros2_ws2/src/install/actions_py:/home/nextup/ros2_ws2/src/install/lifecycle_py:/opt/ros/humble LD_LIBRARY_PATH=/home/nextup/ros2_ws2/src/install/my_robot_interfaces/lib:/home/nextup/ros2_ws2/install/final_project/lib:/home/nextup/ros2_ws2/install/my_robot_interfaces/lib:/home/nextup/ros2_ws2/install/components_cpp/lib:/usr/lib/x86_64-linux-gnu/gazebo-11/plugins:/opt/ros/humble/opt/rviz_ogre_vendor/lib:/opt/ros/humble/lib/x86_64-linux-gnu:/opt/ros/humble/lib /usr/bin/cmake --build /home/nextup/ros2_ws2/src/build/final_project -- -j16 -l16
[0.057s] [ 50%] [32mBuilding CXX object CMakeFiles/turtlebot_control_component.dir/src/final_project_turtlebot.cpp.o[0m
[0.057s] [ 50%] [32mBuilding CXX object CMakeFiles/final_project_step3.dir/src/final_project_step3.cpp.o[0m
[0.057s] [ 50%] [32mBuilding CXX object CMakeFiles/final_project_component.dir/src/final_project.cpp.o[0m
[0.243s] [01m[K/home/nextup/ros2_ws2/src/final_project/src/final_project_step3.cpp:6:10:[m[K [01;31m[Kfatal error: [m[Kmy_robot_interfaces/action/move_turtle.hpp: No such file or directory
[0.243s]     6 | #include [01;31m[K"my_robot_interfaces/action/move_turtle.hpp"[m[K
[0.243s]       |          [01;31m[K^~~~~~~~~~~~~~~~~~~~~~~~~~~~~~~~~~~~~~~~~~~~[m[K
[0.243s] compilation terminated.
[0.244s] [01m[K/home/nextup/ros2_ws2/src/final_project/src/final_project.cpp:6:10:[m[K [01;31m[Kfatal error: [m[Kmy_robot_interfaces/action/move_turtle.hpp: No such file or directory
[0.244s]     6 | #include [01;31m[K"my_robot_interfaces/action/move_turtle.hpp"[m[K
[0.244s]       |          [01;31m[K^~~~~~~~~~~~~~~~~~~~~~~~~~~~~~~~~~~~~~~~~~~~[m[K
[0.244s] compilation terminated.
[0.248s] [01m[K/home/nextup/ros2_ws2/src/final_project/src/final_project_turtlebot.cpp:4:10:[m[K [01;31m[Kfatal error: [m[Kmy_robot_interfaces/action/move_turtle.hpp: No such file or directory
[0.248s]     4 | #include [01;31m[K"my_robot_interfaces/action/move_turtle.hpp"[m[K
[0.248s]       |          [01;31m[K^~~~~~~~~~~~~~~~~~~~~~~~~~~~~~~~~~~~~~~~~~~~[m[K
[0.248s] compilation terminated.
[0.248s] gmake[2]: *** [CMakeFiles/final_project_step3.dir/build.make:76: CMakeFiles/final_project_step3.dir/src/final_project_step3.cpp.o] Error 1
[0.248s] gmake[2]: *** [CMakeFiles/final_project_component.dir/build.make:76: CMakeFiles/final_project_component.dir/src/final_project.cpp.o] Error 1
[0.248s] gmake[1]: *** [CMakeFiles/Makefile2:193: CMakeFiles/final_project_step3.dir/all] Error 2
[0.248s] gmake[1]: *** Waiting for unfinished jobs....
[0.248s] gmake[1]: *** [CMakeFiles/Makefile2:141: CMakeFiles/final_project_component.dir/all] Error 2
[0.250s] gmake[2]: *** [CMakeFiles/turtlebot_control_component.dir/build.make:76: CMakeFiles/turtlebot_control_component.dir/src/final_project_turtlebot.cpp.o] Error 1
[0.250s] gmake[1]: *** [CMakeFiles/Makefile2:167: CMakeFiles/turtlebot_control_component.dir/all] Error 2
[0.251s] gmake: *** [Makefile:146: all] Error 2
[0.255s] Invoked command in '/home/nextup/ros2_ws2/src/build/final_project' returned '2': CMAKE_PREFIX_PATH=/home/nextup/ros2_ws2/src/install/my_robot_interfaces:/home/nextup/ros2_ws2/install/final_project:/home/nextup/ros2_ws2/install/actions_cpp:/home/nextup/ros2_ws2/install/my_robot_interfaces:/home/nextup/ros2_ws2/install/my_robot_bringup:/home/nextup/ros2_ws2/install/lifecycle_cpp:/home/nextup/ros2_ws2/install/executors_cpp:/home/nextup/ros2_ws2/install/components_cpp:/home/nextup/ros2_ws2/src/install/actions_cpp:/home/nextup/ros2_ws2/src/install/my_robot_bringup:/home/nextup/ros2_ws2/src/install/lifecycle_cpp:/home/nextup/ros2_ws1/install/my_robot_bringup:/home/nextup/ros2_ws1/install/my_robot_description:/home/nextup/ros2_ws2/install/actions_py:/home/nextup/ros2_ws2/install/lifecycle_py:/home/nextup/ros2_ws2/install/executors_py:/home/nextup/ros2_ws2/src/install/actions_py:/home/nextup/ros2_ws2/src/install/lifecycle_py:/opt/ros/humble LD_LIBRARY_PATH=/home/nextup/ros2_ws2/src/install/my_robot_interfaces/lib:/home/nextup/ros2_ws2/install/final_project/lib:/home/nextup/ros2_ws2/install/my_robot_interfaces/lib:/home/nextup/ros2_ws2/install/components_cpp/lib:/usr/lib/x86_64-linux-gnu/gazebo-11/plugins:/opt/ros/humble/opt/rviz_ogre_vendor/lib:/opt/ros/humble/lib/x86_64-linux-gnu:/opt/ros/humble/lib /usr/bin/cmake --build /home/nextup/ros2_ws2/src/build/final_project -- -j16 -l16
